[voicemaker.in/index.html]
[backblue.gif]
[fade.gif]
[index.html]
[voicemaker.in/favicon.ico]
[voicemaker.in/apple-touch-icon.png]
[voicemaker.in/favicon-32x32.png]
[voicemaker.in/safari-pinned-tab.svg]
[voicemaker.in/site.webmanifest]
[voicemaker.in/css/bootstrap.min6473.css]
[voicemaker.in/css/audioplayer.min.css]
[voicemaker.in/css/styles410f.css]
[voicemaker.in/css/new-ui6c7c.css]
[voicemaker.in/css/styles-dark6c7c.css]
[voicemaker.in/css/awselect.min.css]
[voicemaker.in/css/app2.min.css]
[voicemaker.in/css/multiple-select.min9e07.css]
[voicemaker.in/GET]
[www.googletagmanager.com/gtm67e3.js]
[voicemaker.in/js/jquery-3.6.0.min6473.js]
[voicemaker.in/img/logo.svg]
[voicemaker.in/voice-samples.html]
[voicemaker.in/pricing.html]
[voicemaker.in/contact.html]
[voicemaker.in/img/logo_footer.svg]
[voicemaker.in/img/logo_white.svg]
[voicemaker.in/images/google-logo.png]
[voicemaker.in/img/signup-check.svg]
[www.recaptcha.net/recaptcha/api86eb.js]
[voicemaker.in/voices/intro.mp3]
[voicemaker.in/images/brands/1.svg]
[voicemaker.in/images/brands/2.svg]
[voicemaker.in/images/brands/3.svg]
[voicemaker.in/images/brands/4.svg]
[voicemaker.in/images/brands/13.svg]
[voicemaker.in/images/brands/6.svg]
[voicemaker.in/images/brands/7.svg]
[voicemaker.in/images/brands/8.svg]
[voicemaker.in/images/brands/9.svg]
[voicemaker.in/images/brands/10.svg]
[voicemaker.in/images/brands/11.svg]
[voicemaker.in/images/brands/12.svg]
[voicemaker.in/images/audio-creation_1.png]
[voicemaker.in/images/audio-creation_3.png]
[voicemaker.in/images/audio-creation_5.png]
[voicemaker.in/images/audio-creation_7.png]
[voicemaker.in/images/audio-creation_2.png]
[voicemaker.in/images/audio-creation_4.png]
[voicemaker.in/images/audio-creation_6.png]
[voicemaker.in/images/sharing-1.svg]
[voicemaker.in/images/sharing-2.svg]
[voicemaker.in/images/sharing-3.svg]
[voicemaker.in/images/sharing-4.svg]
[voicemaker.in/images/sharing-5.svg]
[voicemaker.in/images/sharing-6.svg]
[voicemaker.in/changelog.html]
[voicemaker.in/faq.html]
[voicemaker.in/privacy.html]
[voicemaker.in/terms.html]
[voicemaker.in/css/fontawesome/css/all.min6473.css]
[voicemaker.in/js/audioplayer.min4b6d.js]
[voicemaker.in/js/popper.min6473.js]
[voicemaker.in/js/bootstrap.min.js]
[voicemaker.in/js/undoRedo.js]
[voicemaker.in/js/mixed.js]
[voicemaker.in/index.html]
[voicemaker.in/safari-pinned-tab.svg]
[voicemaker.in/css/bootstrap.min6473.css]
[voicemaker.in/css/audioplayer.min.css]
[voicemaker.in/js/custom.fulld591.js]
[voicemaker.in/fonts/circularstdbook/860c3ec7bbc5da3e97233ccecafe512e.eot]
[voicemaker.in/fonts/circularstdbook/860c3ec7bbc5da3e97233ccecafe512ed41d.eot]
[voicemaker.in/fonts/circularstdbook/860c3ec7bbc5da3e97233ccecafe512e.woff2]
[voicemaker.in/fonts/circularstdbook/860c3ec7bbc5da3e97233ccecafe512e.woff]
[voicemaker.in/fonts/circularstdbook/860c3ec7bbc5da3e97233ccecafe512e.ttf]
[voicemaker.in/fonts/circularstdbook/860c3ec7bbc5da3e97233ccecafe512e.svg]
[voicemaker.in/img/speech.jpg]
[voicemaker.in/css/styles410f.css]
[voicemaker.in/css/new-ui6c7c.css]
[voicemaker.in/css/styles-dark6c7c.css]
[voicemaker.in/css/awselect.min.css]
[voicemaker.in/flags/4x3/ad.svg]
[voicemaker.in/flags/1x1/ad.svg]
[voicemaker.in/flags/4x3/ae.svg]
[voicemaker.in/flags/1x1/ae.svg]
[voicemaker.in/flags/4x3/af.svg]
[voicemaker.in/flags/1x1/af.svg]
[voicemaker.in/flags/4x3/ag.svg]
[voicemaker.in/flags/1x1/ag.svg]
[voicemaker.in/flags/4x3/ai.svg]
[voicemaker.in/flags/1x1/ai.svg]
[voicemaker.in/flags/4x3/al.svg]
[voicemaker.in/flags/1x1/al.svg]
[voicemaker.in/flags/4x3/am.svg]
[voicemaker.in/flags/1x1/am.svg]
[voicemaker.in/flags/4x3/ao.svg]
[voicemaker.in/flags/1x1/ao.svg]
[voicemaker.in/flags/4x3/aq.svg]
[voicemaker.in/flags/1x1/aq.svg]
[voicemaker.in/flags/4x3/ar.svg]
[voicemaker.in/flags/1x1/ar.svg]
[voicemaker.in/flags/4x3/as.svg]
[voicemaker.in/flags/1x1/as.svg]
[voicemaker.in/flags/4x3/at.svg]
[voicemaker.in/flags/1x1/at.svg]
[voicemaker.in/flags/4x3/au.svg]
[voicemaker.in/flags/1x1/au.svg]
[voicemaker.in/flags/4x3/aw.svg]
[voicemaker.in/flags/1x1/aw.svg]
[voicemaker.in/flags/4x3/ax.svg]
[voicemaker.in/flags/1x1/ax.svg]
[voicemaker.in/flags/4x3/az.svg]
[voicemaker.in/flags/1x1/az.svg]
[voicemaker.in/flags/4x3/ba.svg]
[voicemaker.in/flags/1x1/ba.svg]
[voicemaker.in/flags/4x3/bb.svg]
[voicemaker.in/flags/1x1/bb.svg]
[voicemaker.in/flags/4x3/bd.svg]
[voicemaker.in/flags/1x1/bd.svg]
[voicemaker.in/flags/4x3/be.svg]
[voicemaker.in/flags/1x1/be.svg]
[voicemaker.in/flags/4x3/bf.svg]
[voicemaker.in/flags/1x1/bf.svg]
[voicemaker.in/flags/4x3/bg.svg]
[voicemaker.in/flags/1x1/bg.svg]
[voicemaker.in/flags/4x3/bh.svg]
[voicemaker.in/flags/1x1/bh.svg]
[voicemaker.in/flags/4x3/bi.svg]
[voicemaker.in/flags/1x1/bi.svg]
[voicemaker.in/flags/4x3/bj.svg]
[voicemaker.in/flags/1x1/bj.svg]
[voicemaker.in/flags/4x3/bl.svg]
[voicemaker.in/flags/1x1/bl.svg]
[voicemaker.in/flags/4x3/bm.svg]
[voicemaker.in/flags/1x1/bm.svg]
[voicemaker.in/flags/4x3/bn.svg]
[voicemaker.in/flags/1x1/bn.svg]
[voicemaker.in/flags/4x3/bo.svg]
[voicemaker.in/flags/1x1/bo.svg]
[voicemaker.in/flags/4x3/bq.svg]
[voicemaker.in/flags/1x1/bq.svg]
[voicemaker.in/flags/4x3/br.svg]
[voicemaker.in/flags/1x1/br.svg]
[voicemaker.in/flags/4x3/bs.svg]
[voicemaker.in/flags/1x1/bs.svg]
[voicemaker.in/flags/4x3/bt.svg]
[voicemaker.in/flags/1x1/bt.svg]
[voicemaker.in/flags/4x3/bv.svg]
[voicemaker.in/flags/1x1/bv.svg]
[voicemaker.in/flags/4x3/bw.svg]
[voicemaker.in/flags/1x1/bw.svg]
[voicemaker.in/flags/4x3/by.svg]
[voicemaker.in/flags/1x1/by.svg]
[voicemaker.in/flags/4x3/bz.svg]
[voicemaker.in/flags/1x1/bz.svg]
[voicemaker.in/flags/4x3/ca.svg]
[voicemaker.in/flags/1x1/ca.svg]
[voicemaker.in/flags/4x3/cc.svg]
[voicemaker.in/flags/1x1/cc.svg]
[voicemaker.in/flags/4x3/cd.svg]
[voicemaker.in/flags/1x1/cd.svg]
[voicemaker.in/flags/4x3/cf.svg]
[voicemaker.in/flags/1x1/cf.svg]
[voicemaker.in/flags/4x3/cg.svg]
[voicemaker.in/flags/1x1/cg.svg]
[voicemaker.in/flags/4x3/ch.svg]
[voicemaker.in/flags/1x1/ch.svg]
[voicemaker.in/flags/4x3/ci.svg]
[voicemaker.in/flags/1x1/ci.svg]
[voicemaker.in/flags/4x3/ck.svg]
[voicemaker.in/flags/1x1/ck.svg]
[voicemaker.in/flags/4x3/cl.svg]
[voicemaker.in/flags/1x1/cl.svg]
[voicemaker.in/flags/4x3/cm.svg]
[voicemaker.in/flags/1x1/cm.svg]
[voicemaker.in/flags/4x3/cn.svg]
[voicemaker.in/flags/1x1/cn.svg]
[voicemaker.in/flags/4x3/co.svg]
[voicemaker.in/flags/1x1/co.svg]
[voicemaker.in/flags/4x3/cr.svg]
[voicemaker.in/flags/1x1/cr.svg]
[voicemaker.in/flags/4x3/cu.svg]
[voicemaker.in/flags/1x1/cu.svg]
[voicemaker.in/flags/4x3/cv.svg]
[voicemaker.in/flags/1x1/cv.svg]
[voicemaker.in/flags/4x3/cw.svg]
[voicemaker.in/flags/1x1/cw.svg]
[voicemaker.in/flags/4x3/cx.svg]
[voicemaker.in/flags/1x1/cx.svg]
[voicemaker.in/flags/4x3/cy.svg]
[voicemaker.in/flags/1x1/cy.svg]
[voicemaker.in/flags/4x3/cz.svg]
[voicemaker.in/flags/1x1/cz.svg]
[voicemaker.in/flags/4x3/de.svg]
[voicemaker.in/flags/1x1/de.svg]
[voicemaker.in/flags/4x3/dj.svg]
[voicemaker.in/flags/1x1/dj.svg]
[voicemaker.in/flags/4x3/dk.svg]
[voicemaker.in/flags/1x1/dk.svg]
[voicemaker.in/flags/4x3/dm.svg]
[voicemaker.in/flags/1x1/dm.svg]
[voicemaker.in/flags/4x3/do.svg]
[voicemaker.in/flags/1x1/do.svg]
[voicemaker.in/flags/4x3/dz.svg]
[voicemaker.in/flags/1x1/dz.svg]
[voicemaker.in/flags/4x3/ec.svg]
[voicemaker.in/flags/1x1/ec.svg]
[voicemaker.in/flags/4x3/ee.svg]
[voicemaker.in/flags/1x1/ee.svg]
[voicemaker.in/flags/4x3/eg.svg]
[voicemaker.in/flags/1x1/eg.svg]
[voicemaker.in/flags/4x3/eh.svg]
[voicemaker.in/flags/1x1/eh.svg]
[voicemaker.in/flags/4x3/er.svg]
[voicemaker.in/flags/1x1/er.svg]
[voicemaker.in/flags/4x3/es.svg]
[voicemaker.in/flags/1x1/es.svg]
[voicemaker.in/flags/4x3/et.svg]
[voicemaker.in/flags/1x1/et.svg]
[voicemaker.in/flags/4x3/fi.svg]
[voicemaker.in/flags/1x1/fi.svg]
[voicemaker.in/flags/4x3/fj.svg]
[voicemaker.in/flags/1x1/fj.svg]
[voicemaker.in/flags/4x3/fk.svg]
[voicemaker.in/flags/1x1/fk.svg]
[voicemaker.in/flags/4x3/fm.svg]
[voicemaker.in/flags/1x1/fm.svg]
[voicemaker.in/flags/4x3/fo.svg]
[voicemaker.in/flags/1x1/fo.svg]
[voicemaker.in/flags/4x3/fr.svg]
[voicemaker.in/flags/1x1/fr.svg]
[voicemaker.in/flags/4x3/ga.svg]
[voicemaker.in/flags/1x1/ga.svg]
[voicemaker.in/flags/4x3/gb.svg]
[voicemaker.in/flags/1x1/gb.svg]
[voicemaker.in/flags/4x3/gd.svg]
[voicemaker.in/flags/1x1/gd.svg]
[voicemaker.in/flags/4x3/ge.svg]
[voicemaker.in/flags/1x1/ge.svg]
[voicemaker.in/flags/4x3/gf.svg]
[voicemaker.in/flags/1x1/gf.svg]
[voicemaker.in/flags/4x3/gg.svg]
[voicemaker.in/flags/1x1/gg.svg]
[voicemaker.in/flags/4x3/gh.svg]
[voicemaker.in/flags/1x1/gh.svg]
[voicemaker.in/flags/4x3/gi.svg]
[voicemaker.in/flags/1x1/gi.svg]
[voicemaker.in/flags/4x3/gl.svg]
[voicemaker.in/flags/1x1/gl.svg]
[voicemaker.in/flags/4x3/gm.svg]
[voicemaker.in/flags/1x1/gm.svg]
[voicemaker.in/flags/4x3/gn.svg]
[voicemaker.in/flags/1x1/gn.svg]
[voicemaker.in/flags/4x3/gp.svg]
[voicemaker.in/flags/1x1/gp.svg]
[voicemaker.in/flags/4x3/gq.svg]
[voicemaker.in/flags/1x1/gq.svg]
[voicemaker.in/flags/4x3/gr.svg]
[voicemaker.in/flags/1x1/gr.svg]
[voicemaker.in/flags/4x3/gs.svg]
[voicemaker.in/flags/1x1/gs.svg]
[voicemaker.in/flags/4x3/gt.svg]
[voicemaker.in/flags/1x1/gt.svg]
[voicemaker.in/flags/4x3/gu.svg]
[voicemaker.in/flags/1x1/gu.svg]
[voicemaker.in/flags/4x3/gw.svg]
[voicemaker.in/flags/1x1/gw.svg]
[voicemaker.in/flags/4x3/gy.svg]
[voicemaker.in/flags/1x1/gy.svg]
[voicemaker.in/flags/4x3/hk.svg]
[voicemaker.in/flags/1x1/hk.svg]
[voicemaker.in/flags/4x3/hm.svg]
[voicemaker.in/flags/1x1/hm.svg]
[voicemaker.in/flags/4x3/hn.svg]
[voicemaker.in/flags/1x1/hn.svg]
[voicemaker.in/flags/4x3/hr.svg]
[voicemaker.in/flags/1x1/hr.svg]
[voicemaker.in/flags/4x3/ht.svg]
[voicemaker.in/flags/1x1/ht.svg]
[voicemaker.in/flags/4x3/hu.svg]
[voicemaker.in/flags/1x1/hu.svg]
[voicemaker.in/flags/4x3/id.svg]
[voicemaker.in/flags/1x1/id.svg]
[voicemaker.in/flags/4x3/ie.svg]
[voicemaker.in/flags/1x1/ie.svg]
[voicemaker.in/flags/4x3/il.svg]
[voicemaker.in/flags/1x1/il.svg]
[voicemaker.in/flags/4x3/im.svg]
[voicemaker.in/flags/1x1/im.svg]
[voicemaker.in/flags/4x3/in.svg]
[voicemaker.in/flags/1x1/in.svg]
[voicemaker.in/flags/4x3/io.svg]
[voicemaker.in/flags/1x1/io.svg]
[voicemaker.in/flags/4x3/iq.svg]
[voicemaker.in/flags/1x1/iq.svg]
[voicemaker.in/flags/4x3/ir.svg]
[voicemaker.in/flags/1x1/ir.svg]
[voicemaker.in/flags/4x3/is.svg]
[voicemaker.in/flags/1x1/is.svg]
[voicemaker.in/flags/4x3/it.svg]
[voicemaker.in/flags/1x1/it.svg]
[voicemaker.in/flags/4x3/je.svg]
[voicemaker.in/flags/1x1/je.svg]
[voicemaker.in/flags/4x3/jm.svg]
[voicemaker.in/flags/1x1/jm.svg]
[voicemaker.in/flags/4x3/jo.svg]
[voicemaker.in/flags/1x1/jo.svg]
[voicemaker.in/flags/4x3/jp.svg]
[voicemaker.in/flags/1x1/jp.svg]
[voicemaker.in/flags/4x3/ke.svg]
[voicemaker.in/flags/1x1/ke.svg]
[voicemaker.in/flags/4x3/kg.svg]
[voicemaker.in/flags/1x1/kg.svg]
[voicemaker.in/flags/4x3/kh.svg]
[voicemaker.in/flags/1x1/kh.svg]
[voicemaker.in/flags/4x3/ki.svg]
[voicemaker.in/flags/1x1/ki.svg]
[voicemaker.in/flags/4x3/km.svg]
[voicemaker.in/flags/1x1/km.svg]
[voicemaker.in/flags/4x3/kn.svg]
[voicemaker.in/flags/1x1/kn.svg]
[voicemaker.in/flags/4x3/kp.svg]
[voicemaker.in/flags/1x1/kp.svg]
[voicemaker.in/flags/4x3/kr.svg]
[voicemaker.in/flags/1x1/kr.svg]
[voicemaker.in/flags/4x3/kw.svg]
[voicemaker.in/flags/1x1/kw.svg]
[voicemaker.in/flags/4x3/ky.svg]
[voicemaker.in/flags/1x1/ky.svg]
[voicemaker.in/flags/4x3/kz.svg]
[voicemaker.in/flags/1x1/kz.svg]
[voicemaker.in/flags/4x3/la.svg]
[voicemaker.in/flags/1x1/la.svg]
[voicemaker.in/flags/4x3/lb.svg]
[voicemaker.in/flags/1x1/lb.svg]
[voicemaker.in/flags/4x3/lc.svg]
[voicemaker.in/flags/1x1/lc.svg]
[voicemaker.in/flags/4x3/li.svg]
[voicemaker.in/flags/1x1/li.svg]
[voicemaker.in/flags/4x3/lk.svg]
[voicemaker.in/flags/1x1/lk.svg]
[voicemaker.in/flags/4x3/lr.svg]
[voicemaker.in/flags/1x1/lr.svg]
[voicemaker.in/flags/4x3/ls.svg]
[voicemaker.in/flags/1x1/ls.svg]
[voicemaker.in/flags/4x3/lt.svg]
[voicemaker.in/flags/1x1/lt.svg]
[voicemaker.in/flags/4x3/lu.svg]
[voicemaker.in/flags/1x1/lu.svg]
[voicemaker.in/flags/4x3/lv.svg]
[voicemaker.in/flags/1x1/lv.svg]
[voicemaker.in/flags/4x3/ly.svg]
[voicemaker.in/flags/1x1/ly.svg]
[voicemaker.in/flags/4x3/ma.svg]
[voicemaker.in/flags/1x1/ma.svg]
[voicemaker.in/flags/4x3/mc.svg]
[voicemaker.in/flags/1x1/mc.svg]
[voicemaker.in/flags/4x3/md.svg]
[voicemaker.in/flags/1x1/md.svg]
[voicemaker.in/flags/4x3/me.svg]
[voicemaker.in/flags/1x1/me.svg]
[voicemaker.in/flags/4x3/mf.svg]
[voicemaker.in/flags/1x1/mf.svg]
[voicemaker.in/flags/4x3/mg.svg]
[voicemaker.in/flags/1x1/mg.svg]
[voicemaker.in/flags/4x3/mh.svg]
[voicemaker.in/flags/1x1/mh.svg]
[voicemaker.in/flags/4x3/mk.svg]
[voicemaker.in/flags/1x1/mk.svg]
[voicemaker.in/flags/4x3/ml.svg]
[voicemaker.in/flags/1x1/ml.svg]
[voicemaker.in/flags/4x3/mm.svg]
[voicemaker.in/flags/1x1/mm.svg]
[voicemaker.in/flags/4x3/mn.svg]
[voicemaker.in/flags/1x1/mn.svg]
[voicemaker.in/flags/4x3/mo.svg]
[voicemaker.in/flags/1x1/mo.svg]
[voicemaker.in/flags/4x3/mp.svg]
[voicemaker.in/flags/1x1/mp.svg]
[voicemaker.in/flags/4x3/mq.svg]
[voicemaker.in/flags/1x1/mq.svg]
[voicemaker.in/flags/4x3/mr.svg]
[voicemaker.in/flags/1x1/mr.svg]
[voicemaker.in/flags/4x3/ms.svg]
[voicemaker.in/flags/1x1/ms.svg]
[voicemaker.in/flags/4x3/mt.svg]
[voicemaker.in/flags/1x1/mt.svg]
[voicemaker.in/flags/4x3/mu.svg]
[voicemaker.in/flags/1x1/mu.svg]
[voicemaker.in/flags/4x3/mv.svg]
[voicemaker.in/flags/1x1/mv.svg]
[voicemaker.in/flags/4x3/mw.svg]
[voicemaker.in/flags/1x1/mw.svg]
[voicemaker.in/flags/4x3/mx.svg]
[voicemaker.in/flags/1x1/mx.svg]
[voicemaker.in/flags/4x3/my.svg]
[voicemaker.in/flags/1x1/my.svg]
[voicemaker.in/flags/4x3/mz.svg]
[voicemaker.in/flags/1x1/mz.svg]
[voicemaker.in/flags/4x3/na.svg]
[voicemaker.in/flags/1x1/na.svg]
[voicemaker.in/flags/4x3/nc.svg]
[voicemaker.in/flags/1x1/nc.svg]
[voicemaker.in/flags/4x3/ne.svg]
[voicemaker.in/flags/1x1/ne.svg]
[voicemaker.in/flags/4x3/nf.svg]
[voicemaker.in/flags/1x1/nf.svg]
[voicemaker.in/flags/4x3/ng.svg]
[voicemaker.in/flags/1x1/ng.svg]
[voicemaker.in/flags/4x3/ni.svg]
[voicemaker.in/flags/1x1/ni.svg]
[voicemaker.in/flags/4x3/nl.svg]
[voicemaker.in/flags/1x1/nl.svg]
[voicemaker.in/flags/4x3/no.svg]
[voicemaker.in/flags/1x1/no.svg]
[voicemaker.in/flags/4x3/np.svg]
[voicemaker.in/flags/1x1/np.svg]
[voicemaker.in/flags/4x3/nr.svg]
[voicemaker.in/flags/1x1/nr.svg]
[voicemaker.in/flags/4x3/nu.svg]
[voicemaker.in/flags/1x1/nu.svg]
[voicemaker.in/flags/4x3/nz.svg]
[voicemaker.in/flags/1x1/nz.svg]
[voicemaker.in/flags/4x3/om.svg]
[voicemaker.in/flags/1x1/om.svg]
[voicemaker.in/flags/4x3/pa.svg]
[voicemaker.in/flags/1x1/pa.svg]
[voicemaker.in/flags/4x3/pe.svg]
[voicemaker.in/flags/1x1/pe.svg]
[voicemaker.in/flags/4x3/pf.svg]
[voicemaker.in/flags/1x1/pf.svg]
[voicemaker.in/flags/4x3/pg.svg]
[voicemaker.in/flags/1x1/pg.svg]
[voicemaker.in/flags/4x3/ph.svg]
[voicemaker.in/flags/1x1/ph.svg]
[voicemaker.in/flags/4x3/pk.svg]
[voicemaker.in/flags/1x1/pk.svg]
[voicemaker.in/flags/4x3/pl.svg]
[voicemaker.in/flags/1x1/pl.svg]
[voicemaker.in/flags/4x3/pm.svg]
[voicemaker.in/flags/1x1/pm.svg]
[voicemaker.in/flags/4x3/pn.svg]
[voicemaker.in/flags/1x1/pn.svg]
[voicemaker.in/flags/4x3/pr.svg]
[voicemaker.in/flags/1x1/pr.svg]
[voicemaker.in/flags/4x3/ps.svg]
[voicemaker.in/flags/1x1/ps.svg]
[voicemaker.in/flags/4x3/pt.svg]
[voicemaker.in/flags/1x1/pt.svg]
[voicemaker.in/flags/4x3/pw.svg]
[voicemaker.in/flags/1x1/pw.svg]
[voicemaker.in/flags/4x3/py.svg]
[voicemaker.in/flags/1x1/py.svg]
[voicemaker.in/flags/4x3/qa.svg]
[voicemaker.in/flags/1x1/qa.svg]
[voicemaker.in/flags/4x3/re.svg]
[voicemaker.in/flags/1x1/re.svg]
[voicemaker.in/flags/4x3/ro.svg]
[voicemaker.in/flags/1x1/ro.svg]
[voicemaker.in/flags/4x3/rs.svg]
[voicemaker.in/flags/1x1/rs.svg]
[voicemaker.in/flags/4x3/ru.svg]
[voicemaker.in/flags/1x1/ru.svg]
[voicemaker.in/flags/4x3/rw.svg]
[voicemaker.in/flags/1x1/rw.svg]
[voicemaker.in/flags/4x3/sa.svg]
[voicemaker.in/flags/1x1/sa.svg]
[voicemaker.in/flags/4x3/sb.svg]
[voicemaker.in/flags/1x1/sb.svg]
[voicemaker.in/flags/4x3/sc.svg]
[voicemaker.in/flags/1x1/sc.svg]
[voicemaker.in/flags/4x3/sd.svg]
[voicemaker.in/flags/1x1/sd.svg]
[voicemaker.in/flags/4x3/se.svg]
[voicemaker.in/flags/1x1/se.svg]
[voicemaker.in/flags/4x3/sg.svg]
[voicemaker.in/flags/1x1/sg.svg]
[voicemaker.in/flags/4x3/sh.svg]
[voicemaker.in/flags/1x1/sh.svg]
[voicemaker.in/flags/4x3/si.svg]
[voicemaker.in/flags/1x1/si.svg]
[voicemaker.in/flags/4x3/sj.svg]
[voicemaker.in/flags/1x1/sj.svg]
[voicemaker.in/flags/4x3/sk.svg]
[voicemaker.in/flags/1x1/sk.svg]
[voicemaker.in/flags/4x3/sl.svg]
[voicemaker.in/flags/1x1/sl.svg]
[voicemaker.in/flags/4x3/sm.svg]
[voicemaker.in/flags/1x1/sm.svg]
[voicemaker.in/flags/4x3/sn.svg]
[voicemaker.in/flags/1x1/sn.svg]
[voicemaker.in/flags/4x3/so.svg]
[voicemaker.in/flags/1x1/so.svg]
[voicemaker.in/flags/4x3/sr.svg]
[voicemaker.in/flags/1x1/sr.svg]
[voicemaker.in/flags/4x3/ss.svg]
[voicemaker.in/flags/1x1/ss.svg]
[voicemaker.in/flags/4x3/st.svg]
[voicemaker.in/flags/1x1/st.svg]
[voicemaker.in/flags/4x3/sv.svg]
[voicemaker.in/flags/1x1/sv.svg]
[voicemaker.in/flags/4x3/sx.svg]
[voicemaker.in/flags/1x1/sx.svg]
[voicemaker.in/flags/4x3/sy.svg]
[voicemaker.in/flags/1x1/sy.svg]
[voicemaker.in/flags/4x3/sz.svg]
[voicemaker.in/flags/1x1/sz.svg]
[voicemaker.in/flags/4x3/tc.svg]
[voicemaker.in/flags/1x1/tc.svg]
[voicemaker.in/flags/4x3/td.svg]
[voicemaker.in/flags/1x1/td.svg]
[voicemaker.in/flags/4x3/tf.svg]
[voicemaker.in/flags/1x1/tf.svg]
[voicemaker.in/flags/4x3/tg.svg]
[voicemaker.in/flags/1x1/tg.svg]
[voicemaker.in/flags/4x3/th.svg]
[voicemaker.in/flags/1x1/th.svg]
[voicemaker.in/flags/4x3/tj.svg]
[voicemaker.in/flags/1x1/tj.svg]
[voicemaker.in/flags/4x3/tk.svg]
[voicemaker.in/flags/1x1/tk.svg]
[voicemaker.in/flags/4x3/tl.svg]
[voicemaker.in/flags/1x1/tl.svg]
[voicemaker.in/flags/4x3/tm.svg]
[voicemaker.in/flags/1x1/tm.svg]
[voicemaker.in/flags/4x3/tn.svg]
[voicemaker.in/flags/1x1/tn.svg]
[voicemaker.in/flags/4x3/to.svg]
[voicemaker.in/flags/1x1/to.svg]
[voicemaker.in/flags/4x3/tr.svg]
[voicemaker.in/flags/1x1/tr.svg]
[voicemaker.in/flags/4x3/tt.svg]
[voicemaker.in/flags/1x1/tt.svg]
[voicemaker.in/flags/4x3/tv.svg]
[voicemaker.in/flags/1x1/tv.svg]
[voicemaker.in/flags/4x3/tw.svg]
[voicemaker.in/flags/1x1/tw.svg]
[voicemaker.in/flags/4x3/tz.svg]
[voicemaker.in/flags/1x1/tz.svg]
[voicemaker.in/flags/4x3/ua.svg]
[voicemaker.in/flags/1x1/ua.svg]
[voicemaker.in/flags/4x3/ug.svg]
[voicemaker.in/flags/1x1/ug.svg]
[voicemaker.in/flags/4x3/um.svg]
[voicemaker.in/flags/1x1/um.svg]
[voicemaker.in/flags/4x3/us.svg]
[voicemaker.in/flags/1x1/us.svg]
[voicemaker.in/flags/4x3/uy.svg]
[voicemaker.in/flags/1x1/uy.svg]
[voicemaker.in/flags/4x3/uz.svg]
[voicemaker.in/flags/1x1/uz.svg]
[voicemaker.in/flags/4x3/va.svg]
[voicemaker.in/flags/1x1/va.svg]
[voicemaker.in/flags/4x3/vc.svg]
[voicemaker.in/flags/1x1/vc.svg]
[voicemaker.in/flags/4x3/ve.svg]
[voicemaker.in/flags/1x1/ve.svg]
[voicemaker.in/flags/4x3/vg.svg]
[voicemaker.in/flags/1x1/vg.svg]
[voicemaker.in/flags/4x3/vi.svg]
[voicemaker.in/flags/1x1/vi.svg]
[voicemaker.in/flags/4x3/vn.svg]
[voicemaker.in/flags/1x1/vn.svg]
[voicemaker.in/flags/4x3/vu.svg]
[voicemaker.in/flags/1x1/vu.svg]
[voicemaker.in/flags/4x3/wf.svg]
[voicemaker.in/flags/1x1/wf.svg]
[voicemaker.in/flags/4x3/ws.svg]
[voicemaker.in/flags/1x1/ws.svg]
[voicemaker.in/flags/4x3/ye.svg]
[voicemaker.in/flags/1x1/ye.svg]
[voicemaker.in/flags/4x3/yt.svg]
[voicemaker.in/flags/1x1/yt.svg]
[voicemaker.in/flags/4x3/za.svg]
[voicemaker.in/flags/1x1/za.svg]
[voicemaker.in/flags/4x3/zm.svg]
[voicemaker.in/flags/1x1/zm.svg]
[voicemaker.in/flags/4x3/zw.svg]
[voicemaker.in/flags/1x1/zw.svg]
[voicemaker.in/flags/4x3/es-ct.svg]
[voicemaker.in/flags/1x1/es-ct.svg]
[voicemaker.in/flags/4x3/eu.svg]
[voicemaker.in/flags/1x1/eu.svg]
[voicemaker.in/flags/4x3/gb-eng.svg]
[voicemaker.in/flags/1x1/gb-eng.svg]
[voicemaker.in/flags/4x3/gb-nir.svg]
[voicemaker.in/flags/1x1/gb-nir.svg]
[voicemaker.in/flags/4x3/gb-sct.svg]
[voicemaker.in/flags/1x1/gb-sct.svg]
[voicemaker.in/flags/4x3/gb-wls.svg]
[voicemaker.in/flags/1x1/gb-wls.svg]
[voicemaker.in/flags/4x3/un.svg]
[voicemaker.in/flags/1x1/un.svg]
[voicemaker.in/flags/4x3/xk.svg]
[voicemaker.in/css/app2.min.css]
[voicemaker.in/css/multiple-select.min9e07.css]
[voicemaker.in/GET.html]
[voicemaker.in/img/logo.svg]
[voicemaker.in/flags/1x1/xk.svg]
[voicemaker.in/voice-samples.html]
[voicemaker.in/cdn-cgi/l/email-protection.html]
[voicemaker.in/pricing.html]
[voicemaker.in/cdn-cgi/scripts/5c5dd728/cloudflare-static/email-decode.min.js]
[voicemaker.in/contact.html]
[voicemaker.in/img/logo_footer.svg]
[voicemaker.in/img/logo_white.svg]
[voicemaker.in/img/signup-check.svg]
[voicemaker.in/images/brands/1.svg]
[voicemaker.in/images/brands/2.svg]
[voicemaker.in/images/brands/3.svg]
[voicemaker.in/images/brands/4.svg]
[voicemaker.in/images/brands/13.svg]
[voicemaker.in/images/brands/6.svg]
[voicemaker.in/images/brands/7.svg]
[voicemaker.in/images/brands/8.svg]
[voicemaker.in/images/brands/AJAX.svg]
[voicemaker.in/images/brands/9.svg]
[voicemaker.in/images/brands/10.svg]
[voicemaker.in/images/brands/11.svg]
[voicemaker.in/images/brands/12.svg]
[voicemaker.in/images/sharing-1.svg]
[voicemaker.in/images/sharing-2.svg]
[voicemaker.in/images/sharing-3.svg]
[voicemaker.in/images/sharing-4.svg]
[voicemaker.in/images/sharing-5.svg]
[voicemaker.in/images/sharing-6.svg]
[voicemaker.in/changelog.html]
[voicemaker.in/faq.html]
[voicemaker.in/privacy.html]
[voicemaker.in/terms.html]
[voicemaker.in/css/fontawesome/webfonts/fa-brands-400.eot]
[voicemaker.in/css/fontawesome/webfonts/fa-brands-400d41d.eot]
[voicemaker.in/css/fontawesome/webfonts/fa-brands-400.woff2]
[voicemaker.in/css/fontawesome/webfonts/fa-brands-400.woff]
[voicemaker.in/css/fontawesome/webfonts/fa-brands-400.ttf]
[voicemaker.in/css/fontawesome/webfonts/fa-brands-400.svg]
[voicemaker.in/css/fontawesome/webfonts/fa-regular-400.eot]
[voicemaker.in/css/fontawesome/webfonts/fa-regular-400d41d.eot]
[voicemaker.in/css/fontawesome/webfonts/fa-regular-400.woff2]
[voicemaker.in/css/fontawesome/webfonts/fa-regular-400.woff]
[voicemaker.in/css/fontawesome/webfonts/fa-regular-400.ttf]
[voicemaker.in/css/fontawesome/webfonts/fa-regular-400.svg]
[voicemaker.in/css/fontawesome/webfonts/fa-solid-900.eot]
[voicemaker.in/css/fontawesome/webfonts/fa-solid-900d41d.eot]
[voicemaker.in/css/fontawesome/webfonts/fa-solid-900.woff2]
[voicemaker.in/css/fontawesome/webfonts/fa-solid-900.woff]
[voicemaker.in/css/fontawesome/webfonts/fa-solid-900.ttf]
[voicemaker.in/css/fontawesome/css/all.min6473.css]
[voicemaker.in/fonts/circularstdbook/860c3ec7bbc5da3e97233ccecafe512e.svg]
[voicemaker.in/flags/4x3/ad.svg]
[voicemaker.in/flags/1x1/ad.svg]
[voicemaker.in/flags/4x3/ae.svg]
[voicemaker.in/flags/1x1/ae.svg]
[voicemaker.in/flags/4x3/af.svg]
[voicemaker.in/flags/1x1/af.svg]
[voicemaker.in/flags/4x3/ag.svg]
[voicemaker.in/flags/1x1/ag.svg]
[voicemaker.in/flags/4x3/ai.svg]
[voicemaker.in/flags/1x1/ai.svg]
[voicemaker.in/flags/4x3/al.svg]
[voicemaker.in/flags/1x1/al.svg]
[voicemaker.in/flags/4x3/am.svg]
[voicemaker.in/flags/1x1/am.svg]
[voicemaker.in/flags/4x3/ao.svg]
[voicemaker.in/flags/1x1/ao.svg]
[voicemaker.in/flags/4x3/aq.svg]
[voicemaker.in/flags/1x1/aq.svg]
[voicemaker.in/flags/4x3/ar.svg]
[voicemaker.in/flags/1x1/ar.svg]
[voicemaker.in/flags/4x3/as.svg]
[voicemaker.in/flags/1x1/as.svg]
[voicemaker.in/flags/4x3/at.svg]
[voicemaker.in/flags/1x1/at.svg]
[voicemaker.in/flags/4x3/au.svg]
[voicemaker.in/flags/1x1/au.svg]
[voicemaker.in/flags/4x3/aw.svg]
[voicemaker.in/flags/1x1/aw.svg]
[voicemaker.in/flags/4x3/ax.svg]
[voicemaker.in/flags/1x1/ax.svg]
[voicemaker.in/flags/4x3/az.svg]
[voicemaker.in/flags/1x1/az.svg]
[voicemaker.in/flags/4x3/ba.svg]
[voicemaker.in/flags/1x1/ba.svg]
[voicemaker.in/flags/4x3/bb.svg]
[voicemaker.in/flags/1x1/bb.svg]
[voicemaker.in/flags/4x3/bd.svg]
[voicemaker.in/flags/1x1/bd.svg]
[voicemaker.in/flags/4x3/be.svg]
[voicemaker.in/flags/1x1/be.svg]
[voicemaker.in/flags/4x3/bf.svg]
[voicemaker.in/flags/1x1/bf.svg]
[voicemaker.in/flags/4x3/bg.svg]
[voicemaker.in/flags/1x1/bg.svg]
[voicemaker.in/flags/4x3/bh.svg]
[voicemaker.in/flags/1x1/bh.svg]
[voicemaker.in/flags/4x3/bi.svg]
[voicemaker.in/flags/1x1/bi.svg]
[voicemaker.in/flags/4x3/bj.svg]
[voicemaker.in/flags/1x1/bj.svg]
[voicemaker.in/flags/4x3/bl.svg]
[voicemaker.in/flags/1x1/bl.svg]
[voicemaker.in/flags/4x3/bm.svg]
[voicemaker.in/flags/1x1/bm.svg]
[voicemaker.in/flags/4x3/bn.svg]
[voicemaker.in/flags/1x1/bn.svg]
[voicemaker.in/flags/4x3/bo.svg]
[voicemaker.in/flags/1x1/bo.svg]
[voicemaker.in/flags/4x3/bq.svg]
[voicemaker.in/flags/1x1/bq.svg]
[voicemaker.in/flags/4x3/br.svg]
[voicemaker.in/flags/1x1/br.svg]
[voicemaker.in/flags/4x3/bs.svg]
[voicemaker.in/flags/1x1/bs.svg]
[voicemaker.in/flags/4x3/bt.svg]
[voicemaker.in/flags/1x1/bt.svg]
[voicemaker.in/flags/4x3/bv.svg]
[voicemaker.in/flags/1x1/bv.svg]
[voicemaker.in/flags/4x3/bw.svg]
[voicemaker.in/flags/1x1/bw.svg]
[voicemaker.in/flags/4x3/by.svg]
[voicemaker.in/flags/1x1/by.svg]
[voicemaker.in/flags/4x3/bz.svg]
[voicemaker.in/flags/1x1/bz.svg]
[voicemaker.in/flags/4x3/ca.svg]
[voicemaker.in/flags/1x1/ca.svg]
[voicemaker.in/flags/4x3/cc.svg]
[voicemaker.in/flags/1x1/cc.svg]
[voicemaker.in/flags/4x3/cd.svg]
[voicemaker.in/flags/1x1/cd.svg]
[voicemaker.in/flags/4x3/cf.svg]
[voicemaker.in/flags/1x1/cf.svg]
[voicemaker.in/flags/4x3/cg.svg]
[voicemaker.in/flags/1x1/cg.svg]
[voicemaker.in/flags/4x3/ch.svg]
[voicemaker.in/flags/1x1/ch.svg]
[voicemaker.in/flags/4x3/ci.svg]
[voicemaker.in/flags/1x1/ci.svg]
[voicemaker.in/flags/4x3/ck.svg]
[voicemaker.in/flags/1x1/ck.svg]
[voicemaker.in/flags/4x3/cl.svg]
[voicemaker.in/flags/1x1/cl.svg]
[voicemaker.in/flags/4x3/cm.svg]
[voicemaker.in/flags/1x1/cm.svg]
[voicemaker.in/flags/4x3/cn.svg]
[voicemaker.in/flags/1x1/cn.svg]
[voicemaker.in/flags/4x3/co.svg]
[voicemaker.in/flags/1x1/co.svg]
[voicemaker.in/flags/4x3/cr.svg]
[voicemaker.in/flags/1x1/cr.svg]
[voicemaker.in/flags/4x3/cu.svg]
[voicemaker.in/flags/1x1/cu.svg]
[voicemaker.in/flags/4x3/cv.svg]
[voicemaker.in/flags/1x1/cv.svg]
[voicemaker.in/flags/4x3/cw.svg]
[voicemaker.in/flags/1x1/cw.svg]
[voicemaker.in/flags/4x3/cx.svg]
[voicemaker.in/flags/1x1/cx.svg]
[voicemaker.in/flags/4x3/cy.svg]
[voicemaker.in/flags/1x1/cy.svg]
[voicemaker.in/flags/4x3/cz.svg]
[voicemaker.in/flags/1x1/cz.svg]
[voicemaker.in/flags/4x3/de.svg]
[voicemaker.in/flags/1x1/de.svg]
[voicemaker.in/flags/4x3/dj.svg]
[voicemaker.in/flags/1x1/dj.svg]
[voicemaker.in/flags/4x3/dk.svg]
[voicemaker.in/flags/1x1/dk.svg]
[voicemaker.in/flags/4x3/dm.svg]
[voicemaker.in/flags/1x1/dm.svg]
[voicemaker.in/flags/4x3/do.svg]
[voicemaker.in/flags/1x1/do.svg]
[voicemaker.in/flags/4x3/dz.svg]
[voicemaker.in/flags/1x1/dz.svg]
[voicemaker.in/flags/4x3/ec.svg]
[voicemaker.in/flags/1x1/ec.svg]
[voicemaker.in/flags/4x3/ee.svg]
[voicemaker.in/flags/1x1/ee.svg]
[voicemaker.in/flags/4x3/eg.svg]
[voicemaker.in/flags/1x1/eg.svg]
[voicemaker.in/flags/4x3/eh.svg]
[voicemaker.in/flags/1x1/eh.svg]
[voicemaker.in/flags/4x3/er.svg]
[voicemaker.in/flags/1x1/er.svg]
[voicemaker.in/flags/4x3/es.svg]
[voicemaker.in/flags/1x1/es.svg]
[voicemaker.in/flags/4x3/et.svg]
[voicemaker.in/flags/1x1/et.svg]
[voicemaker.in/flags/4x3/fi.svg]
[voicemaker.in/flags/1x1/fi.svg]
[voicemaker.in/flags/4x3/fj.svg]
[voicemaker.in/flags/1x1/fj.svg]
[voicemaker.in/flags/4x3/fk.svg]
[voicemaker.in/flags/1x1/fk.svg]
[voicemaker.in/flags/4x3/fm.svg]
[voicemaker.in/flags/1x1/fm.svg]
[voicemaker.in/flags/4x3/fo.svg]
[voicemaker.in/flags/1x1/fo.svg]
[voicemaker.in/flags/4x3/fr.svg]
[voicemaker.in/flags/1x1/fr.svg]
[voicemaker.in/flags/4x3/ga.svg]
[voicemaker.in/flags/1x1/ga.svg]
[voicemaker.in/flags/4x3/gb.svg]
[voicemaker.in/flags/1x1/gb.svg]
[voicemaker.in/flags/4x3/gd.svg]
[voicemaker.in/flags/1x1/gd.svg]
[voicemaker.in/flags/4x3/ge.svg]
[voicemaker.in/flags/1x1/ge.svg]
[voicemaker.in/flags/4x3/gf.svg]
[voicemaker.in/flags/1x1/gf.svg]
[voicemaker.in/flags/4x3/gg.svg]
[voicemaker.in/flags/1x1/gg.svg]
[voicemaker.in/flags/4x3/gh.svg]
[voicemaker.in/flags/1x1/gh.svg]
[voicemaker.in/flags/4x3/gi.svg]
[voicemaker.in/flags/1x1/gi.svg]
[voicemaker.in/flags/4x3/gl.svg]
[voicemaker.in/flags/1x1/gl.svg]
[voicemaker.in/flags/4x3/gm.svg]
[voicemaker.in/flags/1x1/gm.svg]
[voicemaker.in/flags/4x3/gn.svg]
[voicemaker.in/flags/1x1/gn.svg]
[voicemaker.in/flags/4x3/gp.svg]
[voicemaker.in/flags/1x1/gp.svg]
[voicemaker.in/flags/4x3/gq.svg]
[voicemaker.in/flags/1x1/gq.svg]
[voicemaker.in/flags/4x3/gr.svg]
[voicemaker.in/flags/1x1/gr.svg]
[voicemaker.in/flags/4x3/gs.svg]
[voicemaker.in/flags/1x1/gs.svg]
[voicemaker.in/flags/4x3/gt.svg]
[voicemaker.in/flags/1x1/gt.svg]
[voicemaker.in/flags/4x3/gu.svg]
[voicemaker.in/flags/1x1/gu.svg]
[voicemaker.in/flags/4x3/gw.svg]
[voicemaker.in/flags/1x1/gw.svg]
[voicemaker.in/flags/4x3/gy.svg]
[voicemaker.in/flags/1x1/gy.svg]
[voicemaker.in/flags/4x3/hk.svg]
[voicemaker.in/flags/1x1/hk.svg]
[voicemaker.in/flags/4x3/hm.svg]
[voicemaker.in/flags/1x1/hm.svg]
[voicemaker.in/flags/4x3/hn.svg]
[voicemaker.in/flags/1x1/hn.svg]
[voicemaker.in/flags/4x3/hr.svg]
[voicemaker.in/flags/1x1/hr.svg]
[voicemaker.in/flags/4x3/ht.svg]
[voicemaker.in/flags/1x1/ht.svg]
[voicemaker.in/flags/4x3/hu.svg]
[voicemaker.in/flags/1x1/hu.svg]
[voicemaker.in/flags/4x3/id.svg]
[voicemaker.in/flags/1x1/id.svg]
[voicemaker.in/flags/4x3/ie.svg]
[voicemaker.in/flags/1x1/ie.svg]
[voicemaker.in/flags/4x3/il.svg]
[voicemaker.in/flags/1x1/il.svg]
[voicemaker.in/flags/4x3/im.svg]
[voicemaker.in/flags/1x1/im.svg]
[voicemaker.in/flags/4x3/in.svg]
[voicemaker.in/flags/1x1/in.svg]
[voicemaker.in/flags/4x3/io.svg]
[voicemaker.in/flags/1x1/io.svg]
[voicemaker.in/flags/4x3/iq.svg]
[voicemaker.in/flags/1x1/iq.svg]
[voicemaker.in/flags/4x3/ir.svg]
[voicemaker.in/flags/1x1/ir.svg]
[voicemaker.in/flags/4x3/is.svg]
[voicemaker.in/flags/1x1/is.svg]
[voicemaker.in/flags/4x3/it.svg]
[voicemaker.in/flags/1x1/it.svg]
[voicemaker.in/flags/4x3/je.svg]
[voicemaker.in/flags/1x1/je.svg]
[voicemaker.in/flags/4x3/jm.svg]
[voicemaker.in/flags/1x1/jm.svg]
[voicemaker.in/flags/4x3/jo.svg]
[voicemaker.in/flags/1x1/jo.svg]
[voicemaker.in/flags/4x3/jp.svg]
[voicemaker.in/flags/1x1/jp.svg]
[voicemaker.in/flags/4x3/ke.svg]
[voicemaker.in/flags/1x1/ke.svg]
[voicemaker.in/flags/4x3/kg.svg]
[voicemaker.in/flags/1x1/kg.svg]
[voicemaker.in/flags/4x3/kh.svg]
[voicemaker.in/flags/1x1/kh.svg]
[voicemaker.in/flags/4x3/ki.svg]
[voicemaker.in/flags/1x1/ki.svg]
[voicemaker.in/flags/4x3/km.svg]
[voicemaker.in/flags/1x1/km.svg]
[voicemaker.in/flags/4x3/kn.svg]
[voicemaker.in/flags/1x1/kn.svg]
[voicemaker.in/flags/4x3/kp.svg]
[voicemaker.in/flags/1x1/kp.svg]
[voicemaker.in/flags/4x3/kr.svg]
[voicemaker.in/flags/1x1/kr.svg]
[voicemaker.in/flags/4x3/kw.svg]
[voicemaker.in/flags/1x1/kw.svg]
[voicemaker.in/flags/4x3/ky.svg]
[voicemaker.in/flags/1x1/ky.svg]
[voicemaker.in/flags/4x3/kz.svg]
[voicemaker.in/flags/1x1/kz.svg]
[voicemaker.in/flags/4x3/la.svg]
[voicemaker.in/flags/1x1/la.svg]
[voicemaker.in/flags/4x3/lb.svg]
[voicemaker.in/flags/1x1/lb.svg]
[voicemaker.in/flags/4x3/lc.svg]
[voicemaker.in/flags/1x1/lc.svg]
[voicemaker.in/flags/4x3/li.svg]
[voicemaker.in/flags/1x1/li.svg]
[voicemaker.in/flags/4x3/lk.svg]
[voicemaker.in/flags/1x1/lk.svg]
[voicemaker.in/flags/4x3/lr.svg]
[voicemaker.in/flags/1x1/lr.svg]
[voicemaker.in/flags/4x3/ls.svg]
[voicemaker.in/flags/1x1/ls.svg]
[voicemaker.in/flags/4x3/lt.svg]
[voicemaker.in/flags/1x1/lt.svg]
[voicemaker.in/flags/4x3/lu.svg]
[voicemaker.in/flags/1x1/lu.svg]
[voicemaker.in/flags/4x3/lv.svg]
[voicemaker.in/flags/1x1/lv.svg]
[voicemaker.in/flags/4x3/ly.svg]
[voicemaker.in/flags/1x1/ly.svg]
[voicemaker.in/flags/4x3/ma.svg]
[voicemaker.in/flags/1x1/ma.svg]
[voicemaker.in/flags/4x3/mc.svg]
[voicemaker.in/flags/1x1/mc.svg]
[voicemaker.in/flags/4x3/md.svg]
[voicemaker.in/flags/1x1/md.svg]
[voicemaker.in/flags/4x3/me.svg]
[voicemaker.in/flags/1x1/me.svg]
[voicemaker.in/flags/4x3/mf.svg]
[voicemaker.in/flags/1x1/mf.svg]
[voicemaker.in/flags/4x3/mg.svg]
[voicemaker.in/flags/1x1/mg.svg]
[voicemaker.in/flags/4x3/mh.svg]
[voicemaker.in/flags/1x1/mh.svg]
[voicemaker.in/flags/4x3/mk.svg]
[voicemaker.in/flags/1x1/mk.svg]
[voicemaker.in/flags/4x3/ml.svg]
[voicemaker.in/flags/1x1/ml.svg]
[voicemaker.in/flags/4x3/mm.svg]
[voicemaker.in/flags/1x1/mm.svg]
[voicemaker.in/flags/4x3/mn.svg]
[voicemaker.in/flags/1x1/mn.svg]
[voicemaker.in/flags/4x3/mo.svg]
[voicemaker.in/flags/1x1/mo.svg]
[voicemaker.in/flags/4x3/mp.svg]
[voicemaker.in/flags/1x1/mp.svg]
[voicemaker.in/flags/4x3/mq.svg]
[voicemaker.in/flags/1x1/mq.svg]
[voicemaker.in/flags/4x3/mr.svg]
[voicemaker.in/flags/1x1/mr.svg]
[voicemaker.in/flags/4x3/ms.svg]
[voicemaker.in/flags/1x1/ms.svg]
[voicemaker.in/flags/4x3/mt.svg]
[voicemaker.in/flags/1x1/mt.svg]
[voicemaker.in/flags/4x3/mu.svg]
[voicemaker.in/flags/1x1/mu.svg]
[voicemaker.in/flags/4x3/mv.svg]
[voicemaker.in/flags/1x1/mv.svg]
[voicemaker.in/flags/4x3/mw.svg]
[voicemaker.in/flags/1x1/mw.svg]
[voicemaker.in/flags/4x3/mx.svg]
[voicemaker.in/flags/1x1/mx.svg]
[voicemaker.in/flags/4x3/my.svg]
[voicemaker.in/flags/1x1/my.svg]
[voicemaker.in/flags/4x3/mz.svg]
[voicemaker.in/flags/1x1/mz.svg]
[voicemaker.in/flags/4x3/na.svg]
[voicemaker.in/flags/1x1/na.svg]
[voicemaker.in/flags/4x3/nc.svg]
[voicemaker.in/flags/1x1/nc.svg]
[voicemaker.in/flags/4x3/ne.svg]
[voicemaker.in/flags/1x1/ne.svg]
[voicemaker.in/flags/4x3/nf.svg]
[voicemaker.in/flags/1x1/nf.svg]
[voicemaker.in/flags/4x3/ng.svg]
[voicemaker.in/flags/1x1/ng.svg]
[voicemaker.in/flags/4x3/ni.svg]
[voicemaker.in/flags/1x1/ni.svg]
[voicemaker.in/flags/4x3/nl.svg]
[voicemaker.in/flags/1x1/nl.svg]
[voicemaker.in/flags/4x3/no.svg]
[voicemaker.in/flags/1x1/no.svg]
[voicemaker.in/flags/4x3/np.svg]
[voicemaker.in/flags/1x1/np.svg]
[voicemaker.in/flags/4x3/nr.svg]
[voicemaker.in/flags/1x1/nr.svg]
[voicemaker.in/flags/4x3/nu.svg]
[voicemaker.in/flags/1x1/nu.svg]
[voicemaker.in/flags/4x3/nz.svg]
[voicemaker.in/flags/1x1/nz.svg]
[voicemaker.in/flags/4x3/om.svg]
[voicemaker.in/flags/1x1/om.svg]
[voicemaker.in/flags/4x3/pa.svg]
[voicemaker.in/flags/1x1/pa.svg]
[voicemaker.in/flags/4x3/pe.svg]
[voicemaker.in/flags/1x1/pe.svg]
[voicemaker.in/flags/4x3/pf.svg]
[voicemaker.in/flags/1x1/pf.svg]
[voicemaker.in/flags/4x3/pg.svg]
[voicemaker.in/flags/1x1/pg.svg]
[voicemaker.in/flags/4x3/ph.svg]
[voicemaker.in/flags/1x1/ph.svg]
[voicemaker.in/flags/4x3/pk.svg]
[voicemaker.in/flags/1x1/pk.svg]
[voicemaker.in/flags/4x3/pl.svg]
[voicemaker.in/flags/1x1/pl.svg]
[voicemaker.in/flags/4x3/pm.svg]
[voicemaker.in/flags/1x1/pm.svg]
[voicemaker.in/flags/4x3/pn.svg]
[voicemaker.in/flags/1x1/pn.svg]
[voicemaker.in/flags/4x3/pr.svg]
[voicemaker.in/flags/1x1/pr.svg]
[voicemaker.in/flags/4x3/ps.svg]
[voicemaker.in/flags/1x1/ps.svg]
[voicemaker.in/flags/4x3/pt.svg]
[voicemaker.in/flags/1x1/pt.svg]
[voicemaker.in/flags/4x3/pw.svg]
[voicemaker.in/flags/1x1/pw.svg]
[voicemaker.in/flags/4x3/py.svg]
[voicemaker.in/flags/1x1/py.svg]
[voicemaker.in/flags/4x3/qa.svg]
[voicemaker.in/flags/1x1/qa.svg]
[voicemaker.in/flags/4x3/re.svg]
[voicemaker.in/flags/1x1/re.svg]
[voicemaker.in/flags/4x3/ro.svg]
[voicemaker.in/flags/1x1/ro.svg]
[voicemaker.in/flags/4x3/rs.svg]
[voicemaker.in/flags/1x1/rs.svg]
[voicemaker.in/flags/4x3/ru.svg]
[voicemaker.in/flags/1x1/ru.svg]
[voicemaker.in/flags/4x3/rw.svg]
[voicemaker.in/flags/1x1/rw.svg]
[voicemaker.in/flags/4x3/sa.svg]
[voicemaker.in/flags/1x1/sa.svg]
[voicemaker.in/flags/4x3/sb.svg]
[voicemaker.in/flags/1x1/sb.svg]
[voicemaker.in/flags/4x3/sc.svg]
[voicemaker.in/flags/1x1/sc.svg]
[voicemaker.in/flags/4x3/sd.svg]
[voicemaker.in/flags/1x1/sd.svg]
[voicemaker.in/flags/4x3/se.svg]
[voicemaker.in/flags/1x1/se.svg]
[voicemaker.in/flags/4x3/sg.svg]
[voicemaker.in/flags/1x1/sg.svg]
[voicemaker.in/flags/4x3/sh.svg]
[voicemaker.in/flags/1x1/sh.svg]
[voicemaker.in/flags/4x3/si.svg]
[voicemaker.in/flags/1x1/si.svg]
[voicemaker.in/flags/4x3/sj.svg]
[voicemaker.in/flags/1x1/sj.svg]
[voicemaker.in/flags/4x3/sk.svg]
[voicemaker.in/flags/1x1/sk.svg]
[voicemaker.in/flags/4x3/sl.svg]
[voicemaker.in/flags/1x1/sl.svg]
[voicemaker.in/flags/4x3/sm.svg]
[voicemaker.in/flags/1x1/sm.svg]
[voicemaker.in/flags/4x3/sn.svg]
[voicemaker.in/flags/1x1/sn.svg]
[voicemaker.in/flags/4x3/so.svg]
[voicemaker.in/flags/1x1/so.svg]
[voicemaker.in/flags/4x3/sr.svg]
[voicemaker.in/flags/1x1/sr.svg]
[voicemaker.in/flags/4x3/ss.svg]
[voicemaker.in/flags/1x1/ss.svg]
[voicemaker.in/flags/4x3/st.svg]
[voicemaker.in/flags/1x1/st.svg]
[voicemaker.in/flags/4x3/sv.svg]
[voicemaker.in/flags/1x1/sv.svg]
[voicemaker.in/flags/4x3/sx.svg]
[voicemaker.in/flags/1x1/sx.svg]
[voicemaker.in/flags/4x3/sy.svg]
[voicemaker.in/flags/1x1/sy.svg]
[voicemaker.in/flags/4x3/sz.svg]
[voicemaker.in/flags/1x1/sz.svg]
[voicemaker.in/flags/4x3/tc.svg]
[voicemaker.in/flags/1x1/tc.svg]
[voicemaker.in/flags/4x3/td.svg]
[voicemaker.in/flags/1x1/td.svg]
[voicemaker.in/flags/4x3/tf.svg]
[voicemaker.in/flags/1x1/tf.svg]
[voicemaker.in/flags/4x3/tg.svg]
[voicemaker.in/flags/1x1/tg.svg]
[voicemaker.in/flags/4x3/th.svg]
[voicemaker.in/flags/1x1/th.svg]
[voicemaker.in/flags/4x3/tj.svg]
[voicemaker.in/flags/1x1/tj.svg]
[voicemaker.in/flags/4x3/tk.svg]
[voicemaker.in/flags/1x1/tk.svg]
[voicemaker.in/flags/4x3/tl.svg]
[voicemaker.in/flags/1x1/tl.svg]
[voicemaker.in/flags/4x3/tm.svg]
[voicemaker.in/flags/1x1/tm.svg]
[voicemaker.in/flags/4x3/tn.svg]
[voicemaker.in/flags/1x1/tn.svg]
[voicemaker.in/flags/4x3/to.svg]
[voicemaker.in/flags/1x1/to.svg]
[voicemaker.in/flags/4x3/tr.svg]
[voicemaker.in/flags/1x1/tr.svg]
[voicemaker.in/flags/4x3/tt.svg]
[voicemaker.in/flags/1x1/tt.svg]
[voicemaker.in/flags/4x3/tv.svg]
[voicemaker.in/flags/1x1/tv.svg]
[voicemaker.in/flags/4x3/tw.svg]
[voicemaker.in/flags/1x1/tw.svg]
[voicemaker.in/flags/4x3/tz.svg]
[voicemaker.in/flags/1x1/tz.svg]
[voicemaker.in/flags/4x3/ua.svg]
[voicemaker.in/flags/1x1/ua.svg]
[voicemaker.in/flags/4x3/ug.svg]
[voicemaker.in/flags/1x1/ug.svg]
[voicemaker.in/flags/4x3/um.svg]
[voicemaker.in/flags/1x1/um.svg]
[voicemaker.in/flags/4x3/us.svg]
[voicemaker.in/flags/1x1/us.svg]
[voicemaker.in/flags/4x3/uy.svg]
[voicemaker.in/flags/1x1/uy.svg]
[voicemaker.in/flags/4x3/uz.svg]
[voicemaker.in/flags/1x1/uz.svg]
[voicemaker.in/flags/4x3/va.svg]
[voicemaker.in/flags/1x1/va.svg]
[voicemaker.in/flags/4x3/vc.svg]
[voicemaker.in/flags/1x1/vc.svg]
[voicemaker.in/flags/4x3/ve.svg]
[voicemaker.in/flags/1x1/ve.svg]
[voicemaker.in/flags/4x3/vg.svg]
[voicemaker.in/flags/1x1/vg.svg]
[voicemaker.in/flags/4x3/vi.svg]
[voicemaker.in/flags/1x1/vi.svg]
[voicemaker.in/flags/4x3/vn.svg]
[voicemaker.in/flags/1x1/vn.svg]
[voicemaker.in/flags/4x3/vu.svg]
[voicemaker.in/flags/1x1/vu.svg]
[voicemaker.in/flags/4x3/wf.svg]
[voicemaker.in/flags/1x1/wf.svg]
[voicemaker.in/flags/4x3/ws.svg]
[voicemaker.in/flags/1x1/ws.svg]
[voicemaker.in/flags/4x3/ye.svg]
[voicemaker.in/flags/1x1/ye.svg]
[voicemaker.in/flags/4x3/yt.svg]
[voicemaker.in/flags/1x1/yt.svg]
[voicemaker.in/flags/4x3/za.svg]
[voicemaker.in/flags/1x1/za.svg]
[voicemaker.in/flags/4x3/zm.svg]
[voicemaker.in/flags/1x1/zm.svg]
[voicemaker.in/flags/4x3/zw.svg]
[voicemaker.in/flags/1x1/zw.svg]
[voicemaker.in/flags/4x3/es-ct.svg]
[voicemaker.in/flags/1x1/es-ct.svg]
[voicemaker.in/flags/4x3/eu.svg]
[voicemaker.in/flags/1x1/eu.svg]
[voicemaker.in/flags/4x3/gb-eng.svg]
[voicemaker.in/flags/1x1/gb-eng.svg]
[voicemaker.in/flags/4x3/gb-nir.svg]
[voicemaker.in/flags/1x1/gb-nir.svg]
[voicemaker.in/flags/4x3/gb-sct.svg]
[voicemaker.in/flags/1x1/gb-sct.svg]
[voicemaker.in/flags/4x3/gb-wls.svg]
[voicemaker.in/flags/1x1/gb-wls.svg]
[voicemaker.in/flags/4x3/un.svg]
[voicemaker.in/flags/1x1/un.svg]
[voicemaker.in/flags/4x3/xk.svg]
[voicemaker.in/flags/1x1/xk.svg]
[voicemaker.in/cdn-cgi/l/email-protection.html]
[voicemaker.in/images/brands/AJAX.html]
[voicemaker.in/css/fontawesome/webfonts/fa-solid-900.svg]
[voicemaker.in/css/fontawesome/webfonts/fa-brands-400.svg]
[voicemaker.in/css/fontawesome/webfonts/fa-regular-400.svg]
[voicemaker.in/css/fontawesome/webfonts/fa-solid-900.svg]
